<?xml version="1.0" encoding="UTF-8"?>
<!-- Generated by org.testng.reporters.JUnitXMLReporter -->
<testsuite hostname="DESKTOP-GVPH1DS" name="TestGalaxy7" tests="5" failures="1" timestamp="9 Aug 2018 11:22:04 GMT" time="539.205" errors="0">
  <testcase name="test_01" time="141.387" classname="com.browserstack.suite.SuiteAddARecurrentPay">
    <failure type="org.openqa.selenium.NoSuchElementException" message="An element could not be located on the page using the given search parameters. (WARNING: The server did not provide any stacktrace information)
Command duration or timeout: 5.55 seconds
For documentation on this error, please visit: http://seleniumhq.org/exceptions/no_such_element.html
Build info: version: &amp;apos;2.52.0&amp;apos;, revision: &amp;apos;4c2593cfc3689a7fcd7be52549167e5ccc93ad28&amp;apos;, time: &amp;apos;2016-02-11 11:22:43&amp;apos;
System info: host: &amp;apos;DESKTOP-GVPH1DS&amp;apos;, ip: &amp;apos;192.168.1.103&amp;apos;, os.name: &amp;apos;Windows 10&amp;apos;, os.arch: &amp;apos;amd64&amp;apos;, os.version: &amp;apos;10.0&amp;apos;, java.version: &amp;apos;1.8.0_171&amp;apos;
Driver info: io.appium.java_client.android.AndroidDriver
Capabilities [{appPackage=com.mmfais.app, browserstack.tunnelIdentifier=, browserstack.appiumLogs=true, bundleID=com.mmfais.app, deviceName=samsung galaxy s7, platform=ANDROID, browserstack.deviceLogs=true, browserstack.video.disableWaterMark=true, acceptSslCerts=false, nativeWebScreenshot=true, acceptSslCert=false, automationName=uiautomator2, platformName=android, udid=988674434d4f4d4f59, 64bit=false, appium_port=38081, browserstack.debug=true, systemPort=8201, browserstack.minOSVersion=5.0, browserstack.ie.noFlash=false, os_version=, mobile={browser=mobile, version=Samsung Galaxy S7-6.0}, version=, appActivity=com.mmfais.app.MainActivity, browserstack.video=true, orig_os=android, realMobile=true, device=samsung galaxy s7, browserstack.callbackStop=true, proxy_type=node}]
Session ID: 624bf354181c892f14d376deec61d0622efcc8e2
*** Element info: {Using=-android uiautomator, value=UiSelector().textMatches(&amp;quot;Save&amp;quot;)}">
      <![CDATA[org.openqa.selenium.NoSuchElementException: An element could not be located on the page using the given search parameters. (WARNING: The server did not provide any stacktrace information)
Command duration or timeout: 5.55 seconds
For documentation on this error, please visit: http://seleniumhq.org/exceptions/no_such_element.html
Build info: version: '2.52.0', revision: '4c2593cfc3689a7fcd7be52549167e5ccc93ad28', time: '2016-02-11 11:22:43'
System info: host: 'DESKTOP-GVPH1DS', ip: '192.168.1.103', os.name: 'Windows 10', os.arch: 'amd64', os.version: '10.0', java.version: '1.8.0_171'
Driver info: io.appium.java_client.android.AndroidDriver
Capabilities [{appPackage=com.mmfais.app, browserstack.tunnelIdentifier=, browserstack.appiumLogs=true, bundleID=com.mmfais.app, deviceName=samsung galaxy s7, platform=ANDROID, browserstack.deviceLogs=true, browserstack.video.disableWaterMark=true, acceptSslCerts=false, nativeWebScreenshot=true, acceptSslCert=false, automationName=uiautomator2, platformName=android, udid=988674434d4f4d4f59, 64bit=false, appium_port=38081, browserstack.debug=true, systemPort=8201, browserstack.minOSVersion=5.0, browserstack.ie.noFlash=false, os_version=, mobile={browser=mobile, version=Samsung Galaxy S7-6.0}, version=, appActivity=com.mmfais.app.MainActivity, browserstack.video=true, orig_os=android, realMobile=true, device=samsung galaxy s7, browserstack.callbackStop=true, proxy_type=node}]
Session ID: 624bf354181c892f14d376deec61d0622efcc8e2
*** Element info: {Using=-android uiautomator, value=UiSelector().textMatches("Save")}
	at org.openqa.selenium.remote.ErrorHandler.createThrowable(ErrorHandler.java:206)
	at org.openqa.selenium.remote.ErrorHandler.throwIfResponseFailed(ErrorHandler.java:158)
	at org.openqa.selenium.remote.RemoteWebDriver.execute(RemoteWebDriver.java:678)
	at io.appium.java_client.DefaultGenericMobileDriver.execute(DefaultGenericMobileDriver.java:40)
	at io.appium.java_client.AppiumDriver.execute(AppiumDriver.java:1)
	at io.appium.java_client.android.AndroidDriver.execute(AndroidDriver.java:1)
	at org.openqa.selenium.remote.RemoteWebDriver.findElement(RemoteWebDriver.java:363)
	at io.appium.java_client.DefaultGenericMobileDriver.findElement(DefaultGenericMobileDriver.java:56)
	at io.appium.java_client.AppiumDriver.findElement(AppiumDriver.java:1)
	at io.appium.java_client.android.AndroidDriver.findElement(AndroidDriver.java:1)
	at io.appium.java_client.android.AndroidDriver.findElementByAndroidUIAutomator(AndroidDriver.java:365)
	at com.browserstack.suite.AppKeyWords.addPayRecurrent(AppKeyWords.java:322)
	at com.browserstack.suite.SuiteAddARecurrentPay.test_01(SuiteAddARecurrentPay.java:26)
	at java.util.concurrent.ThreadPoolExecutor.runWorker(ThreadPoolExecutor.java:1149)
	at java.util.concurrent.ThreadPoolExecutor$Worker.run(ThreadPoolExecutor.java:624)
	at java.lang.Thread.run(Thread.java:748)
... Removed 14 stack frames]]>
    </failure>
  </testcase> <!-- test_01 -->
  <testcase name="test_01" time="176.398" classname="com.browserstack.suite.SuiteAddGoals"/>
  <testcase name="test_01" time="180.729" classname="com.browserstack.suite.SuiteAddABillAndAPay"/>
  <testcase name="test_01" time="165.385" classname="com.browserstack.suite.SuiteAddABill"/>
  <testcase name="test_01" time="278.6" classname="com.browserstack.suite.SuiteAddMultipleBills"/>
</testsuite> <!-- TestGalaxy7 -->
